C51 COMPILER V9.60.0.0   KEY                                                               06/11/2023 10:35:50 PAGE 1   


C51 COMPILER V9.60.0.0, COMPILATION OF MODULE KEY
OBJECT MODULE PLACED IN .\Objects\KEY.obj
COMPILER INVOKED BY: D:\Keil_for_c51\C51\BIN\C51.EXE myware\KEY\KEY.c ROM(COMPACT) OPTIMIZE(8,SPEED) BROWSE MODP2 INCDIR
                    -(.\start;.\myware\LCD_1602;.\myware\MAX1241;.\myware\MCP4921;.\myware\TIM;.\myware\KEY;.\myware\Filter;.\myware\TLC0832)
                    - DEBUG OBJECTEXTEND PRINT(.\Listings\KEY.lst) TABS(2) OBJECT(.\Objects\KEY.obj)

line level    source

   1          #include "KEY.H"
   2          
   3          
   4          void KEY_Init(void){
   5   1        P3_2=1;
   6   1        P3_3=1;
   7   1        P3_4=1;
   8   1        P3_4=1;
   9   1      }
  10          /**
  11            * @brief  获取独立按键键码
  12            * @param  无
  13            * @retval 按下按键的键码，范围：0~4，无按键按下时返回值为0
  14            */
  15          unsigned char Key()
  16          {
  17   1        static unsigned char KeyNumber=0;
  18   1        
  19   1        if(P3_2==0){delay_ms(20);while(P3_2==0);delay_ms(20);KeyNumber=1;}
  20   1        if(P3_3==0){delay_ms(20);while(P3_3==0);delay_ms(20);KeyNumber=2;}
  21   1        if(P3_4==0){delay_ms(20);while(P3_4==0);delay_ms(20);KeyNumber=3;}
  22   1        if(P3_5==0){delay_ms(20);while(P3_5==0);delay_ms(20);KeyNumber=4;}
  23   1        
  24   1        return KeyNumber;
  25   1      }


MODULE INFORMATION:   STATIC OVERLAYABLE
   CODE SIZE        =    104    ----
   CONSTANT SIZE    =   ----    ----
   XDATA SIZE       =   ----    ----
   PDATA SIZE       =   ----    ----
   DATA SIZE        =      1    ----
   IDATA SIZE       =   ----    ----
   BIT SIZE         =   ----    ----
END OF MODULE INFORMATION.


C51 COMPILATION COMPLETE.  0 WARNING(S),  0 ERROR(S)
