C51 COMPILER V9.60.0.0   MAIN                                                              06/11/2023 10:36:05 PAGE 1   


C51 COMPILER V9.60.0.0, COMPILATION OF MODULE MAIN
OBJECT MODULE PLACED IN .\Objects\main.obj
COMPILER INVOKED BY: D:\Keil_for_c51\C51\BIN\C51.EXE start\main.c ROM(COMPACT) OPTIMIZE(8,SPEED) BROWSE MODP2 INCDIR(.\s
                    -tart;.\myware\LCD_1602;.\myware\MAX1241;.\myware\MCP4921;.\myware\TIM;.\myware\KEY;.\myware\Filter;.\myware\TLC0832) DEB
                    -UG OBJECTEXTEND PRINT(.\Listings\main.lst) TABS(2) OBJECT(.\Objects\main.obj)

line level    source

   1          #include "public.h"
   2          #include "LCD1602.H"
   3          #include "MAX1241.H"
   4          #include "MCP4921.H"
   5          #include "Tim.h"
   6          #include "KEY.H"
   7          //#include "Filter.H"
   8          #include "TLC0832.H"
   9          //sbit LED=P2^4;
  10          extern unsigned int V_u16;
  11          extern float SET_V;
  12          u16 I_mA,I_mA_now;
  13          u8 flag1;
  14          
  15            
  16          
  17          void main(){
  18   1        //////
  19   1        I_mA=0;
  20   1        Tim0_init();
  21   1        LCD_Init();
  22   1        KEY_Init();
  23   1        ADC0832_init();
  24   1      //  LED=1;
  25   1        LCD_ShowString(1,9,"mA"); 
  26   1        LCD_ShowChar(1,16,'V');
  27   1        LCD_ShowChar(2,16,0xf4);
  28   1        LCD_ShowString(2,12,"R");
  29   1        LCD_ShowString(1,1,"SET:");
  30   1        LCD_ShowString(2,1,"NOW:");
  31   1        LCD_ShowString(2,9,"mA");
  32   1        
  33   1        while(1){
  34   2        
  35   2          
  36   2          
  37   2        if(P3_2==0){
  38   3          //+++++++
  39   3        delay_ms(30);
  40   3          I_mA++;
  41   3          if(I_mA>2000)I_mA=0;
  42   3          flag1=1;
  43   3        delay_ms(300);
  44   3        while(!P3_2){
  45   4          I_mA+=2;
  46   4          if(I_mA>2000)I_mA=0;
  47   4          flag1=1;
  48   4          delay_ms(20);
  49   4        }
  50   3        
  51   3          //--------
  52   3        }
  53   2        if(P3_3==0){
C51 COMPILER V9.60.0.0   MAIN                                                              06/11/2023 10:36:05 PAGE 2   

  54   3        delay_ms(30);
  55   3          I_mA--;
  56   3          if(I_mA>2000)I_mA=2000;
  57   3          flag1=1;
  58   3        delay_ms(300);
  59   3        while(!P3_3){
  60   4          I_mA-=2;
  61   4          if(I_mA>2000)I_mA=2000;
  62   4          flag1=1;
  63   4          delay_ms(20);
  64   4        }
  65   3        }
  66   2        if(P3_4==0){delay_ms(20);I_mA=0;flag1=1;delay_ms(20);}
  67   2        if(P3_5==0){delay_ms(20);I_mA=1000;flag1=1;delay_ms(20);}
  68   2      
  69   2          }
  70   1      
  71   1      
  72   1      }
  73          
  74          
  75          
  76           void Timer0_Rountine() interrupt 1
  77          {  
  78   1        static u8 flag_lcd=0,u8_R_V;
  79   1        static float V,d_V;
  80   1        
  81   1        TR0=0;
  82   1        TL0 = 0xF0;   //设置定时初始值
  83   1        TH0 = 0xD8;   //设置定时初始值
  84   1        TR0=1;
  85   1        flag_lcd++;
  86   1      
  87   1      
  88   1        
  89   1        
  90   1        
  91   1        if(flag1)
  92   1          {
  93   2            Set_I(I_mA);flag1=0;
  94   2            set_DA_MCP4921(V_u16);
  95   2            LCD_ShowNum(1,5,I_mA,4);
  96   2            
  97   2          
  98   2        }
  99   1          
 100   1        
 101   1        if(flag_lcd==50){
 102   2            V=read_max1241_V();
 103   2          //    V=kalmanFilter(V);
 104   2            I_mA_now=V*400;
 105   2            d_V=(SET_V-V);
 106   2            if(d_V>0)
 107   2              V_u16+=1; 
 108   2            else
 109   2              V_u16-=1;   
 110   2            set_DA_MCP4921(V_u16);
 111   2            u8_R_V = ADC0832_ReadAD();
 112   2            
 113   2            
 114   2      
 115   2            Show_float(1,12,(float)u8_R_V*0.0393);
C51 COMPILER V9.60.0.0   MAIN                                                              06/11/2023 10:36:05 PAGE 3   

 116   2            
 117   2            
 118   2            LCD_ShowNum(2,13,(float)u8_R_V*39.3/I_mA,3);
 119   2            
 120   2            LCD_ShowNum(2,5,I_mA_now,4);
 121   2            
 122   2            flag_lcd=0; 
 123   2        }
 124   1      
 125   1      }


MODULE INFORMATION:   STATIC OVERLAYABLE
   CODE SIZE        =    683    ----
   CONSTANT SIZE    =     15    ----
   XDATA SIZE       =   ----    ----
   PDATA SIZE       =   ----    ----
   DATA SIZE        =     15    ----
   IDATA SIZE       =   ----    ----
   BIT SIZE         =   ----    ----
END OF MODULE INFORMATION.


C51 COMPILATION COMPLETE.  0 WARNING(S),  0 ERROR(S)
