C51 COMPILER V9.60.0.0   MAX1241                                                           06/11/2023 10:35:50 PAGE 1   


C51 COMPILER V9.60.0.0, COMPILATION OF MODULE MAX1241
OBJECT MODULE PLACED IN .\Objects\MAX1241.obj
COMPILER INVOKED BY: D:\Keil_for_c51\C51\BIN\C51.EXE myware\MAX1241\MAX1241.c ROM(COMPACT) OPTIMIZE(8,SPEED) BROWSE MODP
                    -2 INCDIR(.\start;.\myware\LCD_1602;.\myware\MAX1241;.\myware\MCP4921;.\myware\TIM;.\myware\KEY;.\myware\Filter;.\myware\
                    -TLC0832) DEBUG OBJECTEXTEND PRINT(.\Listings\MAX1241.lst) TABS(2) OBJECT(.\Objects\MAX1241.obj)

line level    source

   1          #include "MAX1241.H"
   2          u16 read_max1241()
   3          {
   4   1        u16 voltage=0;     //存放12位数字量
   5   1        u8 cont12=12;      //12位
   6   1        AD_CS=1;
   7   1        AD_CLK=0;
   8   1        AD_CS=0;
   9   1        while(AD_DATA==0);       //转换结束
  10   1        AD_CLK=1;
  11   1        AD_CLK=0;
  12   1        while(cont12--)
  13   1        {
  14   2          AD_CLK=1;              //SCLK上升沿数据稳定并读出
  15   2          voltage<<=1;    
  16   2          if(AD_DATA==1)
  17   2            voltage+=1;
  18   2          AD_CLK=0;
  19   2        }  
  20   1        AD_CS=1;
  21   1        return voltage;
  22   1      }
  23          float read_max1241_V(){
  24   1        float V;
  25   1        u16 tt;
  26   1        tt=read_max1241();
  27   1        V=(float)tt/816;//816;//813.5;//5.015*2^12
  28   1        return V;
  29   1        
  30   1      }


MODULE INFORMATION:   STATIC OVERLAYABLE
   CODE SIZE        =     69    ----
   CONSTANT SIZE    =   ----    ----
   XDATA SIZE       =   ----    ----
   PDATA SIZE       =   ----    ----
   DATA SIZE        =   ----    ----
   IDATA SIZE       =   ----    ----
   BIT SIZE         =   ----    ----
END OF MODULE INFORMATION.


C51 COMPILATION COMPLETE.  0 WARNING(S),  0 ERROR(S)
