C51 COMPILER V9.60.0.0   PUBLIC                                                            06/11/2023 10:35:50 PAGE 1   


C51 COMPILER V9.60.0.0, COMPILATION OF MODULE PUBLIC
OBJECT MODULE PLACED IN .\Objects\public.obj
COMPILER INVOKED BY: D:\Keil_for_c51\C51\BIN\C51.EXE start\public.c ROM(COMPACT) OPTIMIZE(8,SPEED) BROWSE MODP2 INCDIR(.
                    -\start;.\myware\LCD_1602;.\myware\MAX1241;.\myware\MCP4921;.\myware\TIM;.\myware\KEY;.\myware\Filter;.\myware\TLC0832) D
                    -EBUG OBJECTEXTEND PRINT(.\Listings\public.lst) TABS(2) OBJECT(.\Objects\public.obj)

line level    source

   1          #include "public.h"
   2          
   3          /*******************************************************************************
   4          * 函 数 名       : delay_10us
   5          * 函数功能     : 延时函数，ten_us=1时，大约延时10us
   6          * 输    入       : ten_us
   7          * 输    出       : 无
   8          *******************************************************************************/
   9          void delay_10us(u16 ten_us)
  10          {
  11   1        u8 i;
  12   1        while(ten_us--){
  13   2        i = 2;
  14   2        while (--i);
  15   2        }
  16   1      }
  17          
  18          /*******************************************************************************
  19          * 函 数 名       : delay_ms
  20          * 函数功能     : ms延时函数，ms=1时，大约延时1ms
  21          * 输    入       : ms：ms延时时间
  22          * 输    出       : 无
  23          *******************************************************************************/
  24          void delay_ms(u16 ms) //@11.0592MHz
  25          {
  26   1        u8 i, j;
  27   1        while(ms--){
  28   2        _nop_();
  29   2        i = 2;
  30   2        j = 199;
  31   2        do
  32   2        {
  33   3          while (--j);
  34   3        } while (--i);
  35   2        }
  36   1        
  37   1      }


MODULE INFORMATION:   STATIC OVERLAYABLE
   CODE SIZE        =     41    ----
   CONSTANT SIZE    =   ----    ----
   XDATA SIZE       =   ----    ----
   PDATA SIZE       =   ----    ----
   DATA SIZE        =   ----    ----
   IDATA SIZE       =   ----    ----
   BIT SIZE         =   ----    ----
END OF MODULE INFORMATION.


C51 COMPILATION COMPLETE.  0 WARNING(S),  0 ERROR(S)
