C51 COMPILER V9.60.0.0   TIM                                                               06/11/2023 10:35:50 PAGE 1   


C51 COMPILER V9.60.0.0, COMPILATION OF MODULE TIM
OBJECT MODULE PLACED IN .\Objects\Tim.obj
COMPILER INVOKED BY: D:\Keil_for_c51\C51\BIN\C51.EXE myware\TIM\Tim.c ROM(COMPACT) OPTIMIZE(8,SPEED) BROWSE MODP2 INCDIR
                    -(.\start;.\myware\LCD_1602;.\myware\MAX1241;.\myware\MCP4921;.\myware\TIM;.\myware\KEY;.\myware\Filter;.\myware\TLC0832)
                    - DEBUG OBJECTEXTEND PRINT(.\Listings\Tim.lst) TABS(2) OBJECT(.\Objects\Tim.obj)

line level    source

   1          #include "Tim.h"
   2          
   3          //1ms 定时器
   4          void Tim0_init() //T0  10ms
   5          {   
   6   1        TMOD &= 0xF0;   //设置定时器模式
   7   1        TMOD |= 0x01;   //设置定时器模式
   8   1        TL0 = 0xF0;   //设置定时初始值
   9   1        TH0 = 0xD8;   //设置定时初始值
  10   1        TF0 = 0;    //清除TF0标志
  11   1        
  12   1        ET0=1;       //打开中断
  13   1        EA=1;
  14   1        PT0=1;
  15   1        TR0 = 1;    //定时器0开始计时
  16   1      }
  17          
  18          
  19          
  20          
  21          
  22          
  23          
  24          
  25          /*
  26          函数声明  定时20ms   用于电机与pwm波的调节
  27          
  28          */
  29          //void Tim1_init()
  30          //{
  31          //  TMOD &= 0x0F;   //设置定时器模式
  32          //  TMOD |= 0x10;   //设置定时器模式
  33          //   TL0 = 0xD7;    //设置定时初值
  34          //    TH0 = 0xFD;   //设置定时初值
  35          //  TF1 = 0;    //清除TF1标志
  36          //  TR1 = 1;    //定时器1开始计时
  37          //  ET0=1;       //打开中断
  38          //  EA=1;
  39          //  PT0=1;
  40          //}
  41          
  42          void Tim1_init()
  43          {
  44   1        TMOD &= 0xF0;   //设置定时器模式
  45   1        TMOD |= 0x01;   //设置定时器模式
  46   1        TL1 = 0x66;   //设置定时初始值
  47   1        TH1 = 0xFC;   //设置定时初始值
  48   1        TF1 = 0;    //清除TF0标志
  49   1        
  50   1        ET1=1;       //打开中断
  51   1        EA=1;
  52   1        PT1=1;
  53   1        TR1 = 1;    //定时器1开始计时
C51 COMPILER V9.60.0.0   TIM                                                               06/11/2023 10:35:50 PAGE 2   

  54   1      }
  55          /*
  56          
  57          void Timer1_Rountine() interrupt 3
  58          {
  59            TL1 = 0x00;   //设置定时初值
  60            TH1 = 0xB8;   //设置定时初值
  61          }
  62          
  63          
  64          */


MODULE INFORMATION:   STATIC OVERLAYABLE
   CODE SIZE        =     46    ----
   CONSTANT SIZE    =   ----    ----
   XDATA SIZE       =   ----    ----
   PDATA SIZE       =   ----    ----
   DATA SIZE        =   ----    ----
   IDATA SIZE       =   ----    ----
   BIT SIZE         =   ----    ----
END OF MODULE INFORMATION.


C51 COMPILATION COMPLETE.  0 WARNING(S),  0 ERROR(S)
